{
  "stats": {
    "suites": 1,
    "tests": 1,
    "passes": 1,
    "pending": 0,
    "failures": 0,
    "start": "2025-11-03T10:02:29.943Z",
    "end": "2025-11-03T10:03:36.538Z",
    "duration": 66595,
    "testsRegistered": 1,
    "passPercent": 100,
    "pendingPercent": 0,
    "other": 0,
    "hasOther": false,
    "skipped": 0,
    "hasSkipped": false
  },
  "results": [
    {
      "uuid": "c07b9f0d-52ee-4a64-8f67-1a17421836d8",
      "title": "",
      "fullFile": "cypress\\e2e\\Bookings\\OptionFlow\\OptionCanelled.js",
      "file": "cypress\\e2e\\Bookings\\OptionFlow\\OptionCanelled.js",
      "beforeHooks": [],
      "afterHooks": [],
      "tests": [],
      "suites": [
        {
          "uuid": "03e56da2-3d11-42bb-8db5-1800530b8a31",
          "title": "Forwarder Booking Flow",
          "fullFile": "",
          "file": "",
          "beforeHooks": [],
          "afterHooks": [],
          "tests": [
            {
              "title": "should complete the Option Confrimed flow from search to delivered status",
              "fullTitle": "Forwarder Booking Flow should complete the Option Confrimed flow from search to delivered status",
              "timedOut": null,
              "duration": 65973,
              "state": "passed",
              "speed": "slow",
              "pass": true,
              "fail": false,
              "pending": false,
              "context": null,
              "code": "_PageEBookingFlow.default.selectTheSINoffice();\n_PageOption_Cancelled.default.typeDestination(\"CDG - Paris Charles de Gaulle\");\n_PageOption_Cancelled.default.changeLoadType();\n_PageOption_Cancelled.default.fillPieceWeightVolume(1, 1, 1);\n_PageOption_Cancelled.default.openCalendar();\n_PageOption_Cancelled.default.selectDateDaysFromToday(7);\n_PageOption_Cancelled.default.clickSearchButton();\ncy.url({\n  timeout: 20000\n}).should(\"include\", \"/forwarder/search/search-result\");\n_PageOption_Cancelled.default.closeRandomModalsIfPresent();\n_PageOption_Cancelled.default.clickBookNowForCargoAirline();\ncy.url({\n  timeout: 10000\n}).should(\"include\", \"/shipment-details\");\n_PageOption_Cancelled.default.clickOnThePlaceOptionButton();\n_PageOption_Cancelled.default.closeOptionModal();\n_PageOption_Cancelled.default.cancelOption();\n_PageOption_Cancelled.default.confrimCancelledOption();\n_PageOption_Cancelled.default.verifyCancelledStatus();",
              "err": {},
              "uuid": "8685f192-0209-4a27-95f6-1918c63b7be9",
              "parentUUID": "03e56da2-3d11-42bb-8db5-1800530b8a31",
              "isHook": false,
              "skipped": false
            }
          ],
          "suites": [],
          "passes": [
            "8685f192-0209-4a27-95f6-1918c63b7be9"
          ],
          "failures": [],
          "pending": [],
          "skipped": [],
          "duration": 65973,
          "root": false,
          "rootEmpty": false,
          "_timeout": 2000
        }
      ],
      "passes": [],
      "failures": [],
      "pending": [],
      "skipped": [],
      "duration": 0,
      "root": true,
      "rootEmpty": true,
      "_timeout": 2000
    }
  ],
  "meta": {
    "mocha": {
      "version": "7.2.0"
    },
    "mochawesome": {
      "options": {
        "quiet": false,
        "reportFilename": "mochawesome",
        "saveHtml": true,
        "saveJson": true,
        "consoleReporter": "spec",
        "useInlineDiffs": false,
        "code": true
      },
      "version": "7.1.4"
    },
    "marge": {
      "options": {
        "reportDir": "cypress/reports",
        "overwrite": false,
        "html": true,
        "json": true
      },
      "version": "6.3.0"
    }
  }
}