{
  "stats": {
    "suites": 1,
    "tests": 3,
    "passes": 3,
    "pending": 0,
    "failures": 0,
    "start": "2025-11-03T10:15:48.112Z",
    "end": "2025-11-03T10:18:20.968Z",
    "duration": 152856,
    "testsRegistered": 3,
    "passPercent": 100,
    "pendingPercent": 0,
    "other": 0,
    "hasOther": false,
    "skipped": 0,
    "hasSkipped": false
  },
  "results": [
    {
      "uuid": "f2b06a00-d0ec-4ecc-9d3b-c6b67e883cee",
      "title": "",
      "fullFile": "cypress\\e2e\\Bookings\\ReqeustBooking\\ReqeustBooking_Cancelled.js",
      "file": "cypress\\e2e\\Bookings\\ReqeustBooking\\ReqeustBooking_Cancelled.js",
      "beforeHooks": [],
      "afterHooks": [],
      "tests": [],
      "suites": [
        {
          "uuid": "46394444-b55f-4761-844b-11164a820e31",
          "title": "Forwarder and Airline Request Booking Flow - Cancelled",
          "fullFile": "",
          "file": "",
          "beforeHooks": [],
          "afterHooks": [],
          "tests": [
            {
              "title": "Forwarder creates a booking request",
              "fullTitle": "Forwarder and Airline Request Booking Flow - Cancelled Forwarder creates a booking request",
              "timedOut": null,
              "duration": 68760,
              "state": "passed",
              "speed": "slow",
              "pass": true,
              "fail": false,
              "pending": false,
              "context": null,
              "code": "cy.loginAsForwarder();\n_RequestBooking_Confirmed.default.selectTheCDGoffice();\n_RequestBooking_Confirmed.default.typeDestination(\"SIN - Singapore Changi\");\n_RequestBookig_Cancelled.default.changeLoadType();\n_RequestBookig_Cancelled.default.fillPieceWeightVolume(1, 1, 1);\n_RequestBookig_Cancelled.default.clickSearchButton();\ncy.url({\n  timeout: 10000\n}).should(\"include\", \"/forwarder/search/search-result\");\n_RequestBookig_Cancelled.default.closeRandomModalsIfPresent();\n_RequestBookig_Cancelled.default.extendFlightDetails();\n_RequestBookig_Cancelled.default.submitRequsetBooking();\ncy.url({\n  timeout: 10000\n}).should(\"include\", \"/shipment-details/new\");\n_RequestBookig_Cancelled.default.RequsetBooking();\n_RequestBookig_Cancelled.default.confirmationRequestBooking();\ncy.url({\n  timeout: 10000\n}).should(\"include\", \"/forwarder/book/booking-history\");\n_RequestBookig_Cancelled.default.ClickInfoButtonHistoryPage();\n_ForwarderLoginPage.default.logout();",
              "err": {},
              "uuid": "35104e2b-032c-48e9-8dc9-c874b49b27ec",
              "parentUUID": "46394444-b55f-4761-844b-11164a820e31",
              "isHook": false,
              "skipped": false
            },
            {
              "title": "Airline cancel the booking request",
              "fullTitle": "Forwarder and Airline Request Booking Flow - Cancelled Airline cancel the booking request",
              "timedOut": null,
              "duration": 60475,
              "state": "passed",
              "speed": "slow",
              "pass": true,
              "fail": false,
              "pending": false,
              "context": null,
              "code": "cy.loginAsAirline();\ncy.url({\n  timeout: 10000\n}).should(\"include\", \"/airline/quote/quote-list\");\ncy.intercept(\"GET\", /\\/quotes\\/\\d+\\/subscribers/, {\n  statusCode: 200,\n  body: []\n}).as(\"subscribers\");\n_RequestBookig_Cancelled.default.clickAirlineInfoButton();\n_RequestBookig_Cancelled.default.verifyBookingRequestedStatus();\n_RequestBookig_Cancelled.default.clickEditAWBnumber();\n_RequestBookig_Cancelled.default.fillValidAWB();\n_RequestBookig_Cancelled.default.saveAWBnumber();\n_RequestBookig_Cancelled.default.confirmBookingAndVerifyStatus();\n_RequestBookig_Cancelled.default.clickOnTHeCancelButton();\n_RequestBookig_Cancelled.default.clickOnTHeCancelButton();\n_RequestBookig_Cancelled.default.confirmCaancelReason();\n_RequestBookig_Cancelled.default.confirmCanceltModal();\n_RequestBookig_Cancelled.default.verifyBookingCancelledStatus();\n_AirlineLoginPage.default.logout();",
              "err": {},
              "uuid": "c0a8f640-0d79-47f2-954e-1d9b2dddea23",
              "parentUUID": "46394444-b55f-4761-844b-11164a820e31",
              "isHook": false,
              "skipped": false
            },
            {
              "title": "Forwarder verifies booking is cancelled",
              "fullTitle": "Forwarder and Airline Request Booking Flow - Cancelled Forwarder verifies booking is cancelled",
              "timedOut": null,
              "duration": 22282,
              "state": "passed",
              "speed": "slow",
              "pass": true,
              "fail": false,
              "pending": false,
              "context": null,
              "code": "cy.loginAsForwarder();\n_RequestBookig_Cancelled.default.clickOnTheshipmentsPage();\n_RequestBookig_Cancelled.default.ClickInfoButtonHistoryPage();\n_RequestBookig_Cancelled.default.verifyBookingCancelledStatus();",
              "err": {},
              "uuid": "3c6945e6-b406-4480-9764-697062958a71",
              "parentUUID": "46394444-b55f-4761-844b-11164a820e31",
              "isHook": false,
              "skipped": false
            }
          ],
          "suites": [],
          "passes": [
            "35104e2b-032c-48e9-8dc9-c874b49b27ec",
            "c0a8f640-0d79-47f2-954e-1d9b2dddea23",
            "3c6945e6-b406-4480-9764-697062958a71"
          ],
          "failures": [],
          "pending": [],
          "skipped": [],
          "duration": 151517,
          "root": false,
          "rootEmpty": false,
          "_timeout": 2000
        }
      ],
      "passes": [],
      "failures": [],
      "pending": [],
      "skipped": [],
      "duration": 0,
      "root": true,
      "rootEmpty": true,
      "_timeout": 2000
    }
  ],
  "meta": {
    "mocha": {
      "version": "7.2.0"
    },
    "mochawesome": {
      "options": {
        "quiet": false,
        "reportFilename": "mochawesome",
        "saveHtml": true,
        "saveJson": true,
        "consoleReporter": "spec",
        "useInlineDiffs": false,
        "code": true
      },
      "version": "7.1.4"
    },
    "marge": {
      "options": {
        "reportDir": "cypress/reports",
        "overwrite": false,
        "html": true,
        "json": true
      },
      "version": "6.3.0"
    }
  }
}